2022-09-28 15:57:51,264-[test_register.py-->LINE:46]-20:----用例【注册成功-带注册名】----执行成功----
2022-09-28 15:57:51,513-[test_register.py-->LINE:46]-20:----用例【成功-不带用户名】----执行成功----
2022-09-28 15:57:51,697-[test_register.py-->LINE:46]-20:----用例【不输入手机号】----执行成功----
2022-09-28 15:57:51,891-[test_register.py-->LINE:46]-20:----用例【手机号长度10位】----执行成功----
2022-09-28 15:57:52,077-[test_register.py-->LINE:46]-20:----用例【手机号长度12位】----执行成功----
2022-09-28 15:57:52,267-[test_register.py-->LINE:46]-20:----用例【手机号含有非法字符】----执行成功----
2022-09-28 15:57:52,689-[test_register.py-->LINE:46]-20:----用例【密码7位】----执行成功----
2022-09-28 15:57:52,874-[test_register.py-->LINE:46]-20:----用例【密码17位】----执行成功----
2022-09-28 15:57:53,079-[test_register.py-->LINE:46]-20:----用例【不输入密码】----执行成功----
2022-09-28 15:57:53,269-[test_register.py-->LINE:46]-20:----用例【注册名11位】----执行成功----
2022-09-28 15:57:53,453-[test_register.py-->LINE:46]-20:----用例【类型输入非0，1内容】----执行成功----
2022-09-28 16:22:00,082-[test_register.py-->LINE:50]-20:----用例【注册成功-带注册名】----执行成功----
2022-09-28 16:22:00,332-[test_register.py-->LINE:50]-20:----用例【成功-不带用户名】----执行成功----
2022-09-28 16:22:00,520-[test_register.py-->LINE:50]-20:----用例【不输入手机号】----执行成功----
2022-09-28 16:22:00,714-[test_register.py-->LINE:50]-20:----用例【手机号长度10位】----执行成功----
2022-09-28 16:22:00,903-[test_register.py-->LINE:50]-20:----用例【手机号长度12位】----执行成功----
2022-09-28 16:22:01,094-[test_register.py-->LINE:50]-20:----用例【手机号含有非法字符】----执行成功----
2022-09-28 16:22:01,573-[test_register.py-->LINE:50]-20:----用例【密码7位】----执行成功----
2022-09-28 16:22:01,776-[test_register.py-->LINE:50]-20:----用例【密码17位】----执行成功----
2022-09-28 16:22:01,967-[test_register.py-->LINE:50]-20:----用例【不输入密码】----执行成功----
2022-09-28 16:22:02,187-[test_register.py-->LINE:50]-20:----用例【注册名11位】----执行成功----
2022-09-28 16:22:02,395-[test_register.py-->LINE:50]-20:----用例【类型输入非0，1内容】----执行成功----
2022-09-28 16:22:30,348-[test_register.py-->LINE:51]-20:----用例【注册成功-带注册名】----执行成功----
2022-09-28 16:22:30,595-[test_register.py-->LINE:51]-20:----用例【成功-不带用户名】----执行成功----
2022-09-28 16:22:30,793-[test_register.py-->LINE:51]-20:----用例【不输入手机号】----执行成功----
2022-09-28 16:22:30,987-[test_register.py-->LINE:51]-20:----用例【手机号长度10位】----执行成功----
2022-09-28 16:22:31,180-[test_register.py-->LINE:51]-20:----用例【手机号长度12位】----执行成功----
2022-09-28 16:22:31,387-[test_register.py-->LINE:51]-20:----用例【手机号含有非法字符】----执行成功----
2022-09-28 16:22:31,835-[test_register.py-->LINE:51]-20:----用例【密码7位】----执行成功----
2022-09-28 16:22:32,027-[test_register.py-->LINE:51]-20:----用例【密码17位】----执行成功----
2022-09-28 16:22:32,214-[test_register.py-->LINE:51]-20:----用例【不输入密码】----执行成功----
2022-09-28 16:22:32,407-[test_register.py-->LINE:51]-20:----用例【注册名11位】----执行成功----
2022-09-28 16:22:32,599-[test_register.py-->LINE:51]-20:----用例【类型输入非0，1内容】----执行成功----
2022-09-28 16:24:21,699-[test_register.py-->LINE:51]-20:----用例【注册成功-带注册名】----执行成功----
2022-09-28 16:24:21,965-[test_register.py-->LINE:51]-20:----用例【成功-不带用户名】----执行成功----
2022-09-28 16:24:22,202-[test_register.py-->LINE:51]-20:----用例【不输入手机号】----执行成功----
2022-09-28 16:24:22,414-[test_register.py-->LINE:51]-20:----用例【手机号长度10位】----执行成功----
2022-09-28 16:24:22,623-[test_register.py-->LINE:51]-20:----用例【手机号长度12位】----执行成功----
2022-09-28 16:24:22,827-[test_register.py-->LINE:51]-20:----用例【手机号含有非法字符】----执行成功----
2022-09-28 16:24:23,105-[test_register.py-->LINE:51]-20:----用例【密码7位】----执行成功----
2022-09-28 16:24:23,309-[test_register.py-->LINE:51]-20:----用例【密码17位】----执行成功----
2022-09-28 16:24:23,509-[test_register.py-->LINE:51]-20:----用例【不输入密码】----执行成功----
2022-09-28 16:24:23,714-[test_register.py-->LINE:51]-20:----用例【注册名11位】----执行成功----
2022-09-28 16:24:23,911-[test_register.py-->LINE:51]-20:----用例【类型输入非0，1内容】----执行成功----
2022-09-28 16:24:46,800-[test_register.py-->LINE:51]-20:----用例【注册成功-带注册名】----执行成功----
2022-09-28 16:24:47,075-[test_register.py-->LINE:51]-20:----用例【成功-不带用户名】----执行成功----
2022-09-28 16:24:47,291-[test_register.py-->LINE:51]-20:----用例【不输入手机号】----执行成功----
2022-09-28 16:24:47,495-[test_register.py-->LINE:51]-20:----用例【手机号长度10位】----执行成功----
2022-09-28 16:24:47,717-[test_register.py-->LINE:51]-20:----用例【手机号长度12位】----执行成功----
2022-09-28 16:24:47,954-[test_register.py-->LINE:51]-20:----用例【手机号含有非法字符】----执行成功----
2022-09-28 16:24:48,207-[test_register.py-->LINE:51]-20:----用例【密码7位】----执行成功----
2022-09-28 16:24:48,404-[test_register.py-->LINE:51]-20:----用例【密码17位】----执行成功----
2022-09-28 16:24:48,608-[test_register.py-->LINE:51]-20:----用例【不输入密码】----执行成功----
2022-09-28 16:24:48,824-[test_register.py-->LINE:51]-20:----用例【注册名11位】----执行成功----
2022-09-28 16:24:49,021-[test_register.py-->LINE:51]-20:----用例【类型输入非0，1内容】----执行成功----
2022-09-28 16:28:51,598-[test_register.py-->LINE:51]-20:----用例【注册成功-带注册名】----执行成功----
2022-09-28 16:28:51,852-[test_register.py-->LINE:51]-20:----用例【成功-不带用户名】----执行成功----
2022-09-28 16:28:52,048-[test_register.py-->LINE:51]-20:----用例【不输入手机号】----执行成功----
2022-09-28 16:28:52,246-[test_register.py-->LINE:51]-20:----用例【手机号长度10位】----执行成功----
2022-09-28 16:28:52,444-[test_register.py-->LINE:51]-20:----用例【手机号长度12位】----执行成功----
2022-09-28 16:28:52,647-[test_register.py-->LINE:51]-20:----用例【手机号含有非法字符】----执行成功----
2022-09-28 16:28:52,959-[test_register.py-->LINE:51]-20:----用例【已注册过的手机号】----执行成功----
2022-09-28 16:28:53,160-[test_register.py-->LINE:51]-20:----用例【密码7位】----执行成功----
2022-09-28 16:28:53,356-[test_register.py-->LINE:51]-20:----用例【密码17位】----执行成功----
2022-09-28 16:28:53,567-[test_register.py-->LINE:51]-20:----用例【不输入密码】----执行成功----
2022-09-28 16:28:53,768-[test_register.py-->LINE:51]-20:----用例【注册名11位】----执行成功----
2022-09-28 16:28:53,966-[test_register.py-->LINE:51]-20:----用例【类型输入非0，1内容】----执行成功----
2022-09-28 17:48:46,373-[test_register.py-->LINE:54]-20:----用例【注册成功-带注册名】----执行成功----
2022-09-28 17:48:46,629-[test_register.py-->LINE:54]-20:----用例【成功-不带用户名】----执行成功----
2022-09-28 17:48:46,818-[test_register.py-->LINE:54]-20:----用例【不输入手机号】----执行成功----
2022-09-28 17:48:47,012-[test_register.py-->LINE:54]-20:----用例【手机号长度10位】----执行成功----
2022-09-28 17:48:47,225-[test_register.py-->LINE:54]-20:----用例【手机号长度12位】----执行成功----
2022-09-28 17:48:47,424-[test_register.py-->LINE:54]-20:----用例【手机号含有非法字符】----执行成功----
2022-09-28 17:48:47,725-[test_register.py-->LINE:54]-20:----用例【已注册过的手机号】----执行成功----
2022-09-28 17:48:47,921-[test_register.py-->LINE:54]-20:----用例【密码7位】----执行成功----
2022-09-28 17:48:48,113-[test_register.py-->LINE:54]-20:----用例【密码17位】----执行成功----
2022-09-28 17:48:48,303-[test_register.py-->LINE:54]-20:----用例【不输入密码】----执行成功----
2022-09-28 17:48:48,504-[test_register.py-->LINE:54]-20:----用例【注册名11位】----执行成功----
2022-09-28 17:48:48,704-[test_register.py-->LINE:54]-20:----用例【类型输入非0，1内容】----执行成功----
